\BOOKMARK [1][-]{section*.1}{\376\377\000R\000e\000s\000u\000m\000e\000n}{}% 1
\BOOKMARK [1][-]{section.1}{\376\377\0001\000\040\000I\000n\000t\000r\000o\000d\000u\000c\000c\000i\000\363\000n}{}% 2
\BOOKMARK [1][-]{section.2}{\376\377\0002\000\040\000C\000o\000n\000c\000e\000p\000t\000o\000s\000\040\000C\000l\000a\000v\000e\000s}{}% 3
\BOOKMARK [1][-]{section.3}{\376\377\0003\000\040\000I\000m\000p\000l\000e\000m\000e\000n\000t\000a\000c\000i\000o\000n\000\040\000d\000e\000l\000\040\000S\000e\000r\000v\000i\000d\000o\000r}{}% 4
\BOOKMARK [2][-]{subsection.3.1}{\376\377\0003\000.\0001\000\040\000E\000s\000t\000r\000u\000c\000t\000u\000r\000a\000\040\000d\000e\000\040\000l\000a\000\040\000C\000l\000a\000s\000e\000\040\000C\000h\000a\000t\000S\000e\000r\000v\000e\000r}{section.3}% 5
\BOOKMARK [2][-]{subsection.3.2}{\376\377\0003\000.\0002\000\040\000I\000n\000i\000c\000i\000a\000l\000i\000z\000a\000c\000i\000\363\000n\000\040\000d\000e\000l\000\040\000S\000o\000c\000k\000e\000t\000\040\000d\000e\000l\000\040\000S\000e\000r\000v\000i\000d\000o\000r}{section.3}% 6
\BOOKMARK [2][-]{subsection.3.3}{\376\377\0003\000.\0003\000\040\000M\000a\000n\000e\000j\000o\000\040\000d\000e\000\040\000C\000o\000n\000e\000x\000i\000o\000n\000e\000s\000\040\000d\000e\000\040\000C\000l\000i\000e\000n\000t\000e\000s}{section.3}% 7
\BOOKMARK [2][-]{subsection.3.4}{\376\377\0003\000.\0004\000\040\000R\000e\000t\000r\000a\000n\000s\000m\000i\000s\000i\000\363\000n\000\040\000d\000e\000\040\000M\000e\000n\000s\000a\000j\000e\000s\000\040\000\050\000B\000r\000o\000a\000d\000c\000a\000s\000t\000\051}{section.3}% 8
\BOOKMARK [2][-]{subsection.3.5}{\376\377\0003\000.\0005\000\040\000R\000e\000c\000e\000p\000c\000i\000\363\000n\000\040\000d\000e\000\040\000M\000e\000n\000s\000a\000j\000e\000s\000\040\000d\000e\000\040\000u\000n\000\040\000C\000l\000i\000e\000n\000t\000e}{section.3}% 9
\BOOKMARK [2][-]{subsection.3.6}{\376\377\0003\000.\0006\000\040\000H\000i\000l\000o\000s\000\040\000e\000n\000\040\000e\000l\000\040\000S\000e\000r\000v\000i\000d\000o\000r}{section.3}% 10
\BOOKMARK [1][-]{section.4}{\376\377\0004\000\040\000I\000m\000p\000l\000e\000m\000e\000n\000t\000a\000c\000i\000\363\000n\000\040\000d\000e\000l\000\040\000C\000l\000i\000e\000n\000t\000e}{}% 11
\BOOKMARK [2][-]{subsection.4.1}{\376\377\0004\000.\0001\000\040\000E\000s\000t\000r\000u\000c\000t\000u\000r\000a\000\040\000d\000e\000\040\000l\000a\000\040\000C\000l\000a\000s\000e\000\040\000C\000h\000a\000t\000C\000l\000i\000e\000n\000t}{section.4}% 12
\BOOKMARK [2][-]{subsection.4.2}{\376\377\0004\000.\0002\000\040\000C\000o\000n\000e\000x\000i\000\363\000n\000\040\000a\000l\000\040\000S\000e\000r\000v\000i\000d\000o\000r}{section.4}% 13
\BOOKMARK [2][-]{subsection.4.3}{\376\377\0004\000.\0003\000\040\000E\000n\000v\000i\000o\000\040\000d\000e\000\040\000M\000e\000n\000s\000a\000j\000e\000s}{section.4}% 14
\BOOKMARK [2][-]{subsection.4.4}{\376\377\0004\000.\0004\000\040\000R\000e\000c\000e\000p\000c\000i\000\363\000n\000\040\000d\000e\000\040\000M\000e\000n\000s\000a\000j\000e\000s}{section.4}% 15
\BOOKMARK [2][-]{subsection.4.5}{\376\377\0004\000.\0005\000\040\000H\000i\000l\000o\000s\000\040\000e\000n\000\040\000e\000l\000\040\000C\000l\000i\000e\000n\000t\000e}{section.4}% 16
\BOOKMARK [1][-]{section.5}{\376\377\0005\000\040\000P\000r\000o\000t\000o\000c\000o\000l\000o\000\040\000d\000e\000\040\000C\000o\000m\000u\000n\000i\000c\000a\000c\000i\000\363\000n}{}% 17
\BOOKMARK [1][-]{section.6}{\376\377\0006\000\040\000V\000e\000n\000t\000a\000j\000a\000s\000\040\000d\000e\000\040\000l\000a\000\040\000I\000m\000p\000l\000e\000m\000e\000n\000t\000a\000c\000i\000\363\000n}{}% 18
\BOOKMARK [1][-]{section.7}{\376\377\0007\000\040\000E\000j\000e\000c\000u\000c\000i\000\363\000n\000\040\000d\000e\000l\000\040\000C\000h\000a\000t\000\040\000B\000\341\000s\000i\000c\000o}{}% 19
\BOOKMARK [1][-]{section.8}{\376\377\0008\000\040\000L\000i\000n\000k\000\040\000R\000e\000p\000o\000s\000i\000t\000o\000r\000i\000o\000\040\000G\000i\000t\000H\000u\000b}{}% 20
\BOOKMARK [1][-]{section.9}{\376\377\0009\000\040\000C\000o\000n\000c\000l\000u\000s\000i\000\363\000n}{}% 21
